CRITICAL - 2023-01-20 17:56:27 --> Object of class stdClass could not be converted to string
in APPPATH\Views\Pages\inicio.php on line 38.
 1 SYSTEMPATH\View\View.php(213): include()
 2 SYSTEMPATH\View\View.php(216): CodeIgniter\View\View->CodeIgniter\View\{closure}()
 3 SYSTEMPATH\Common.php(1177): CodeIgniter\View\View->render('Pages/inicio', [], true)
 4 APPPATH\Controllers\Home.php(17): view('Pages/inicio', [...])
 5 SYSTEMPATH\CodeIgniter.php(934): App\Controllers\Home->index()
 6 SYSTEMPATH\CodeIgniter.php(499): CodeIgniter\CodeIgniter->runController(Object(App\Controllers\Home))
 7 SYSTEMPATH\CodeIgniter.php(368): CodeIgniter\CodeIgniter->handleRequest(null, Object(Config\Cache), false)
 8 FCPATH\index.php(67): CodeIgniter\CodeIgniter->run()
CRITICAL - 2023-01-20 17:56:55 --> Undefined variable $hs
in APPPATH\Views\Pages\inicio.php on line 42.
 1 APPPATH\Views\Pages\inicio.php(42): CodeIgniter\Debug\Exceptions->errorHandler(2, 'Undefined variable $hs', 'APPPATH\\Views\\Pages\\inicio.php', 42)
 2 SYSTEMPATH\View\View.php(213): include('APPPATH\\Views\\Pages\\inicio.php')
 3 SYSTEMPATH\View\View.php(216): CodeIgniter\View\View->CodeIgniter\View\{closure}()
 4 SYSTEMPATH\Common.php(1177): CodeIgniter\View\View->render('Pages/inicio', [], true)
 5 APPPATH\Controllers\Home.php(17): view('Pages/inicio', [...])
 6 SYSTEMPATH\CodeIgniter.php(934): App\Controllers\Home->index()
 7 SYSTEMPATH\CodeIgniter.php(499): CodeIgniter\CodeIgniter->runController(Object(App\Controllers\Home))
 8 SYSTEMPATH\CodeIgniter.php(368): CodeIgniter\CodeIgniter->handleRequest(null, Object(Config\Cache), false)
 9 FCPATH\index.php(67): CodeIgniter\CodeIgniter->run()
CRITICAL - 2023-01-20 17:58:16 --> Call to undefined function string()
in APPPATH\Views\Pages\inicio.php on line 48.
 1 SYSTEMPATH\View\View.php(213): include()
 2 SYSTEMPATH\View\View.php(216): CodeIgniter\View\View->CodeIgniter\View\{closure}()
 3 SYSTEMPATH\Common.php(1177): CodeIgniter\View\View->render('Pages/inicio', [], true)
 4 APPPATH\Controllers\Home.php(17): view('Pages/inicio', [...])
 5 SYSTEMPATH\CodeIgniter.php(934): App\Controllers\Home->index()
 6 SYSTEMPATH\CodeIgniter.php(499): CodeIgniter\CodeIgniter->runController(Object(App\Controllers\Home))
 7 SYSTEMPATH\CodeIgniter.php(368): CodeIgniter\CodeIgniter->handleRequest(null, Object(Config\Cache), false)
 8 FCPATH\index.php(67): CodeIgniter\CodeIgniter->run()
CRITICAL - 2023-01-20 17:59:09 --> Call to undefined function string()
in APPPATH\Views\Pages\inicio.php on line 48.
 1 SYSTEMPATH\View\View.php(213): include()
 2 SYSTEMPATH\View\View.php(216): CodeIgniter\View\View->CodeIgniter\View\{closure}()
 3 SYSTEMPATH\Common.php(1177): CodeIgniter\View\View->render('Pages/inicio', [], true)
 4 APPPATH\Controllers\Home.php(17): view('Pages/inicio', [...])
 5 SYSTEMPATH\CodeIgniter.php(934): App\Controllers\Home->index()
 6 SYSTEMPATH\CodeIgniter.php(499): CodeIgniter\CodeIgniter->runController(Object(App\Controllers\Home))
 7 SYSTEMPATH\CodeIgniter.php(368): CodeIgniter\CodeIgniter->handleRequest(null, Object(Config\Cache), false)
 8 FCPATH\index.php(67): CodeIgniter\CodeIgniter->run()
CRITICAL - 2023-01-20 17:59:34 --> Call to undefined function string()
in APPPATH\Views\Pages\inicio.php on line 48.
 1 SYSTEMPATH\View\View.php(213): include()
 2 SYSTEMPATH\View\View.php(216): CodeIgniter\View\View->CodeIgniter\View\{closure}()
 3 SYSTEMPATH\Common.php(1177): CodeIgniter\View\View->render('Pages/inicio', [], true)
 4 APPPATH\Controllers\Home.php(17): view('Pages/inicio', [...])
 5 SYSTEMPATH\CodeIgniter.php(934): App\Controllers\Home->index()
 6 SYSTEMPATH\CodeIgniter.php(499): CodeIgniter\CodeIgniter->runController(Object(App\Controllers\Home))
 7 SYSTEMPATH\CodeIgniter.php(368): CodeIgniter\CodeIgniter->handleRequest(null, Object(Config\Cache), false)
 8 FCPATH\index.php(67): CodeIgniter\CodeIgniter->run()
CRITICAL - 2023-01-20 18:02:37 --> Maximum execution time of 120 seconds exceeded
in APPPATH\Views\Pages\inicio.php on line 30.
 1 [internal function]: CodeIgniter\Debug\Exceptions->shutdownHandler()
CRITICAL - 2023-01-20 18:03:41 --> Maximum execution time of 120 seconds exceeded
in APPPATH\Views\Pages\inicio.php on line 30.
 1 [internal function]: CodeIgniter\Debug\Exceptions->shutdownHandler()
CRITICAL - 2023-01-20 18:03:55 --> Maximum execution time of 120 seconds exceeded
in APPPATH\Views\Pages\inicio.php on line 30.
 1 [internal function]: CodeIgniter\Debug\Exceptions->shutdownHandler()
CRITICAL - 2023-01-20 18:04:44 --> Maximum execution time of 120 seconds exceeded
in APPPATH\Views\Pages\inicio.php on line 30.
 1 [internal function]: CodeIgniter\Debug\Exceptions->shutdownHandler()
CRITICAL - 2023-01-20 18:05:19 --> Maximum execution time of 120 seconds exceeded
in APPPATH\Views\Pages\inicio.php on line 30.
 1 [internal function]: CodeIgniter\Debug\Exceptions->shutdownHandler()
CRITICAL - 2023-01-20 18:06:13 --> Maximum execution time of 120 seconds exceeded
in APPPATH\Views\Pages\inicio.php on line 30.
 1 [internal function]: CodeIgniter\Debug\Exceptions->shutdownHandler()
CRITICAL - 2023-01-20 18:06:59 --> array_combine(): Argument #1 ($keys) and argument #2 ($values) must have the same number of elements
in APPPATH\Views\Pages\inicio.php on line 56.
 1 APPPATH\Views\Pages\inicio.php(56): array_combine([...], [...])
 2 SYSTEMPATH\View\View.php(213): include('APPPATH\\Views\\Pages\\inicio.php')
 3 SYSTEMPATH\View\View.php(216): CodeIgniter\View\View->CodeIgniter\View\{closure}()
 4 SYSTEMPATH\Common.php(1177): CodeIgniter\View\View->render('Pages/inicio', [], true)
 5 APPPATH\Controllers\Home.php(17): view('Pages/inicio', [...])
 6 SYSTEMPATH\CodeIgniter.php(934): App\Controllers\Home->index()
 7 SYSTEMPATH\CodeIgniter.php(499): CodeIgniter\CodeIgniter->runController(Object(App\Controllers\Home))
 8 SYSTEMPATH\CodeIgniter.php(368): CodeIgniter\CodeIgniter->handleRequest(null, Object(Config\Cache), false)
 9 FCPATH\index.php(67): CodeIgniter\CodeIgniter->run()
CRITICAL - 2023-01-20 18:08:34 --> array_combine(): Argument #1 ($keys) and argument #2 ($values) must have the same number of elements
in APPPATH\Views\Pages\inicio.php on line 60.
 1 APPPATH\Views\Pages\inicio.php(60): array_combine([...], [...])
 2 SYSTEMPATH\View\View.php(213): include('APPPATH\\Views\\Pages\\inicio.php')
 3 SYSTEMPATH\View\View.php(216): CodeIgniter\View\View->CodeIgniter\View\{closure}()
 4 SYSTEMPATH\Common.php(1177): CodeIgniter\View\View->render('Pages/inicio', [], true)
 5 APPPATH\Controllers\Home.php(17): view('Pages/inicio', [...])
 6 SYSTEMPATH\CodeIgniter.php(934): App\Controllers\Home->index()
 7 SYSTEMPATH\CodeIgniter.php(499): CodeIgniter\CodeIgniter->runController(Object(App\Controllers\Home))
 8 SYSTEMPATH\CodeIgniter.php(368): CodeIgniter\CodeIgniter->handleRequest(null, Object(Config\Cache), false)
 9 FCPATH\index.php(67): CodeIgniter\CodeIgniter->run()
CRITICAL - 2023-01-20 18:09:16 --> array_combine(): Argument #1 ($keys) and argument #2 ($values) must have the same number of elements
in APPPATH\Views\Pages\inicio.php on line 62.
 1 APPPATH\Views\Pages\inicio.php(62): array_combine([...], [...])
 2 SYSTEMPATH\View\View.php(213): include('APPPATH\\Views\\Pages\\inicio.php')
 3 SYSTEMPATH\View\View.php(216): CodeIgniter\View\View->CodeIgniter\View\{closure}()
 4 SYSTEMPATH\Common.php(1177): CodeIgniter\View\View->render('Pages/inicio', [], true)
 5 APPPATH\Controllers\Home.php(17): view('Pages/inicio', [...])
 6 SYSTEMPATH\CodeIgniter.php(934): App\Controllers\Home->index()
 7 SYSTEMPATH\CodeIgniter.php(499): CodeIgniter\CodeIgniter->runController(Object(App\Controllers\Home))
 8 SYSTEMPATH\CodeIgniter.php(368): CodeIgniter\CodeIgniter->handleRequest(null, Object(Config\Cache), false)
 9 FCPATH\index.php(67): CodeIgniter\CodeIgniter->run()
CRITICAL - 2023-01-20 18:29:29 --> Undefined variable $acumh
in APPPATH\Views\Pages\inicio.php on line 62.
 1 APPPATH\Views\Pages\inicio.php(62): CodeIgniter\Debug\Exceptions->errorHandler(2, 'Undefined variable $acumh', 'APPPATH\\Views\\Pages\\inicio.php', 62)
 2 SYSTEMPATH\View\View.php(213): include('APPPATH\\Views\\Pages\\inicio.php')
 3 SYSTEMPATH\View\View.php(216): CodeIgniter\View\View->CodeIgniter\View\{closure}()
 4 SYSTEMPATH\Common.php(1177): CodeIgniter\View\View->render('Pages/inicio', [], true)
 5 APPPATH\Controllers\Home.php(17): view('Pages/inicio', [...])
 6 SYSTEMPATH\CodeIgniter.php(934): App\Controllers\Home->index()
 7 SYSTEMPATH\CodeIgniter.php(499): CodeIgniter\CodeIgniter->runController(Object(App\Controllers\Home))
 8 SYSTEMPATH\CodeIgniter.php(368): CodeIgniter\CodeIgniter->handleRequest(null, Object(Config\Cache), false)
 9 FCPATH\index.php(67): CodeIgniter\CodeIgniter->run()
