ERROR - 2023-01-19 15:12:35 --> mysqli_sql_exception: Table 'penal.t_libros' doesn't exist in C:\Users\WIN 10\www\penal\system\Database\MySQLi\Connection.php:295
Stack trace:
#0 C:\Users\WIN 10\www\penal\system\Database\MySQLi\Connection.php(295): mysqli->query('SELECT * FROM t...', 0)
#1 C:\Users\WIN 10\www\penal\system\Database\BaseConnection.php(691): CodeIgniter\Database\MySQLi\Connection->execute('SELECT * FROM t...')
#2 C:\Users\WIN 10\www\penal\system\Database\BaseConnection.php(605): CodeIgniter\Database\BaseConnection->simpleQuery('SELECT * FROM t...')
#3 C:\Users\WIN 10\www\penal\app\Models\librosModel.php(7): CodeIgniter\Database\BaseConnection->query('SELECT * FROM t...')
#4 C:\Users\WIN 10\www\penal\app\Controllers\Home.php(13): App\Models\librosModel->mostrarLibros()
#5 C:\Users\WIN 10\www\penal\system\CodeIgniter.php(934): App\Controllers\Home->index()
#6 C:\Users\WIN 10\www\penal\system\CodeIgniter.php(499): CodeIgniter\CodeIgniter->runController(Object(App\Controllers\Home))
#7 C:\Users\WIN 10\www\penal\system\CodeIgniter.php(368): CodeIgniter\CodeIgniter->handleRequest(NULL, Object(Config\Cache), false)
#8 C:\Users\WIN 10\www\penal\index.php(67): CodeIgniter\CodeIgniter->run()
#9 {main}
CRITICAL - 2023-01-19 15:12:35 --> Table 'penal.t_libros' doesn't exist
in SYSTEMPATH\Database\BaseConnection.php on line 645.
 1 APPPATH\Models\librosModel.php(7): CodeIgniter\Database\BaseConnection->query('SELECT * FROM t_libros')
 2 APPPATH\Controllers\Home.php(13): App\Models\librosModel->mostrarLibros()
 3 SYSTEMPATH\CodeIgniter.php(934): App\Controllers\Home->index()
 4 SYSTEMPATH\CodeIgniter.php(499): CodeIgniter\CodeIgniter->runController(Object(App\Controllers\Home))
 5 SYSTEMPATH\CodeIgniter.php(368): CodeIgniter\CodeIgniter->handleRequest(null, Object(Config\Cache), false)
 6 FCPATH\index.php(67): CodeIgniter\CodeIgniter->run()
CRITICAL - 2023-01-19 15:12:56 --> Undefined variable $libros
in APPPATH\Views\Pages\inicio.php on line 15.
 1 APPPATH\Views\Pages\inicio.php(15): CodeIgniter\Debug\Exceptions->errorHandler(2, 'Undefined variable $libros', 'APPPATH\\Views\\Pages\\inicio.php', 15)
 2 SYSTEMPATH\View\View.php(213): include('APPPATH\\Views\\Pages\\inicio.php')
 3 SYSTEMPATH\View\View.php(216): CodeIgniter\View\View->CodeIgniter\View\{closure}()
 4 SYSTEMPATH\Common.php(1177): CodeIgniter\View\View->render('Pages/inicio', [], true)
 5 APPPATH\Controllers\Home.php(16): view('Pages/inicio', [...])
 6 SYSTEMPATH\CodeIgniter.php(934): App\Controllers\Home->index()
 7 SYSTEMPATH\CodeIgniter.php(499): CodeIgniter\CodeIgniter->runController(Object(App\Controllers\Home))
 8 SYSTEMPATH\CodeIgniter.php(368): CodeIgniter\CodeIgniter->handleRequest(null, Object(Config\Cache), false)
 9 FCPATH\index.php(67): CodeIgniter\CodeIgniter->run()
CRITICAL - 2023-01-19 15:12:56 --> Undefined variable $libros
in APPPATH\Views\Pages\inicio.php on line 15.
 1 APPPATH\Views\Pages\inicio.php(15): CodeIgniter\Debug\Exceptions->errorHandler(2, 'Undefined variable $libros', 'APPPATH\\Views\\Pages\\inicio.php', 15)
 2 SYSTEMPATH\View\View.php(213): include('APPPATH\\Views\\Pages\\inicio.php')
 3 SYSTEMPATH\View\View.php(216): CodeIgniter\View\View->CodeIgniter\View\{closure}()
 4 SYSTEMPATH\Common.php(1177): CodeIgniter\View\View->render('Pages/inicio', [], true)
 5 APPPATH\Controllers\Home.php(16): view('Pages/inicio', [...])
 6 SYSTEMPATH\CodeIgniter.php(934): App\Controllers\Home->index()
 7 SYSTEMPATH\CodeIgniter.php(499): CodeIgniter\CodeIgniter->runController(Object(App\Controllers\Home))
 8 SYSTEMPATH\CodeIgniter.php(368): CodeIgniter\CodeIgniter->handleRequest(null, Object(Config\Cache), false)
 9 FCPATH\index.php(67): CodeIgniter\CodeIgniter->run()
CRITICAL - 2023-01-19 15:12:57 --> Undefined variable $libros
in APPPATH\Views\Pages\inicio.php on line 15.
 1 APPPATH\Views\Pages\inicio.php(15): CodeIgniter\Debug\Exceptions->errorHandler(2, 'Undefined variable $libros', 'APPPATH\\Views\\Pages\\inicio.php', 15)
 2 SYSTEMPATH\View\View.php(213): include('APPPATH\\Views\\Pages\\inicio.php')
 3 SYSTEMPATH\View\View.php(216): CodeIgniter\View\View->CodeIgniter\View\{closure}()
 4 SYSTEMPATH\Common.php(1177): CodeIgniter\View\View->render('Pages/inicio', [], true)
 5 APPPATH\Controllers\Home.php(16): view('Pages/inicio', [...])
 6 SYSTEMPATH\CodeIgniter.php(934): App\Controllers\Home->index()
 7 SYSTEMPATH\CodeIgniter.php(499): CodeIgniter\CodeIgniter->runController(Object(App\Controllers\Home))
 8 SYSTEMPATH\CodeIgniter.php(368): CodeIgniter\CodeIgniter->handleRequest(null, Object(Config\Cache), false)
 9 FCPATH\index.php(67): CodeIgniter\CodeIgniter->run()
CRITICAL - 2023-01-19 15:12:57 --> Undefined variable $libros
in APPPATH\Views\Pages\inicio.php on line 15.
 1 APPPATH\Views\Pages\inicio.php(15): CodeIgniter\Debug\Exceptions->errorHandler(2, 'Undefined variable $libros', 'APPPATH\\Views\\Pages\\inicio.php', 15)
 2 SYSTEMPATH\View\View.php(213): include('APPPATH\\Views\\Pages\\inicio.php')
 3 SYSTEMPATH\View\View.php(216): CodeIgniter\View\View->CodeIgniter\View\{closure}()
 4 SYSTEMPATH\Common.php(1177): CodeIgniter\View\View->render('Pages/inicio', [], true)
 5 APPPATH\Controllers\Home.php(16): view('Pages/inicio', [...])
 6 SYSTEMPATH\CodeIgniter.php(934): App\Controllers\Home->index()
 7 SYSTEMPATH\CodeIgniter.php(499): CodeIgniter\CodeIgniter->runController(Object(App\Controllers\Home))
 8 SYSTEMPATH\CodeIgniter.php(368): CodeIgniter\CodeIgniter->handleRequest(null, Object(Config\Cache), false)
 9 FCPATH\index.php(67): CodeIgniter\CodeIgniter->run()
CRITICAL - 2023-01-19 15:12:57 --> Undefined variable $libros
in APPPATH\Views\Pages\inicio.php on line 15.
 1 APPPATH\Views\Pages\inicio.php(15): CodeIgniter\Debug\Exceptions->errorHandler(2, 'Undefined variable $libros', 'APPPATH\\Views\\Pages\\inicio.php', 15)
 2 SYSTEMPATH\View\View.php(213): include('APPPATH\\Views\\Pages\\inicio.php')
 3 SYSTEMPATH\View\View.php(216): CodeIgniter\View\View->CodeIgniter\View\{closure}()
 4 SYSTEMPATH\Common.php(1177): CodeIgniter\View\View->render('Pages/inicio', [], true)
 5 APPPATH\Controllers\Home.php(16): view('Pages/inicio', [...])
 6 SYSTEMPATH\CodeIgniter.php(934): App\Controllers\Home->index()
 7 SYSTEMPATH\CodeIgniter.php(499): CodeIgniter\CodeIgniter->runController(Object(App\Controllers\Home))
 8 SYSTEMPATH\CodeIgniter.php(368): CodeIgniter\CodeIgniter->handleRequest(null, Object(Config\Cache), false)
 9 FCPATH\index.php(67): CodeIgniter\CodeIgniter->run()
CRITICAL - 2023-01-19 15:13:08 --> Undefined variable $libros
in APPPATH\Views\Pages\inicio.php on line 15.
 1 APPPATH\Views\Pages\inicio.php(15): CodeIgniter\Debug\Exceptions->errorHandler(2, 'Undefined variable $libros', 'APPPATH\\Views\\Pages\\inicio.php', 15)
 2 SYSTEMPATH\View\View.php(213): include('APPPATH\\Views\\Pages\\inicio.php')
 3 SYSTEMPATH\View\View.php(216): CodeIgniter\View\View->CodeIgniter\View\{closure}()
 4 SYSTEMPATH\Common.php(1177): CodeIgniter\View\View->render('Pages/inicio', [], true)
 5 APPPATH\Controllers\Home.php(16): view('Pages/inicio', [...])
 6 SYSTEMPATH\CodeIgniter.php(934): App\Controllers\Home->index()
 7 SYSTEMPATH\CodeIgniter.php(499): CodeIgniter\CodeIgniter->runController(Object(App\Controllers\Home))
 8 SYSTEMPATH\CodeIgniter.php(368): CodeIgniter\CodeIgniter->handleRequest(null, Object(Config\Cache), false)
 9 FCPATH\index.php(67): CodeIgniter\CodeIgniter->run()
CRITICAL - 2023-01-19 15:13:08 --> Undefined variable $libros
in APPPATH\Views\Pages\inicio.php on line 15.
 1 APPPATH\Views\Pages\inicio.php(15): CodeIgniter\Debug\Exceptions->errorHandler(2, 'Undefined variable $libros', 'APPPATH\\Views\\Pages\\inicio.php', 15)
 2 SYSTEMPATH\View\View.php(213): include('APPPATH\\Views\\Pages\\inicio.php')
 3 SYSTEMPATH\View\View.php(216): CodeIgniter\View\View->CodeIgniter\View\{closure}()
 4 SYSTEMPATH\Common.php(1177): CodeIgniter\View\View->render('Pages/inicio', [], true)
 5 APPPATH\Controllers\Home.php(16): view('Pages/inicio', [...])
 6 SYSTEMPATH\CodeIgniter.php(934): App\Controllers\Home->index()
 7 SYSTEMPATH\CodeIgniter.php(499): CodeIgniter\CodeIgniter->runController(Object(App\Controllers\Home))
 8 SYSTEMPATH\CodeIgniter.php(368): CodeIgniter\CodeIgniter->handleRequest(null, Object(Config\Cache), false)
 9 FCPATH\index.php(67): CodeIgniter\CodeIgniter->run()
CRITICAL - 2023-01-19 15:13:08 --> Undefined variable $libros
in APPPATH\Views\Pages\inicio.php on line 15.
 1 APPPATH\Views\Pages\inicio.php(15): CodeIgniter\Debug\Exceptions->errorHandler(2, 'Undefined variable $libros', 'APPPATH\\Views\\Pages\\inicio.php', 15)
 2 SYSTEMPATH\View\View.php(213): include('APPPATH\\Views\\Pages\\inicio.php')
 3 SYSTEMPATH\View\View.php(216): CodeIgniter\View\View->CodeIgniter\View\{closure}()
 4 SYSTEMPATH\Common.php(1177): CodeIgniter\View\View->render('Pages/inicio', [], true)
 5 APPPATH\Controllers\Home.php(16): view('Pages/inicio', [...])
 6 SYSTEMPATH\CodeIgniter.php(934): App\Controllers\Home->index()
 7 SYSTEMPATH\CodeIgniter.php(499): CodeIgniter\CodeIgniter->runController(Object(App\Controllers\Home))
 8 SYSTEMPATH\CodeIgniter.php(368): CodeIgniter\CodeIgniter->handleRequest(null, Object(Config\Cache), false)
 9 FCPATH\index.php(67): CodeIgniter\CodeIgniter->run()
CRITICAL - 2023-01-19 15:13:13 --> Undefined variable $libros
in APPPATH\Views\Pages\inicio.php on line 15.
 1 APPPATH\Views\Pages\inicio.php(15): CodeIgniter\Debug\Exceptions->errorHandler(2, 'Undefined variable $libros', 'APPPATH\\Views\\Pages\\inicio.php', 15)
 2 SYSTEMPATH\View\View.php(213): include('APPPATH\\Views\\Pages\\inicio.php')
 3 SYSTEMPATH\View\View.php(216): CodeIgniter\View\View->CodeIgniter\View\{closure}()
 4 SYSTEMPATH\Common.php(1177): CodeIgniter\View\View->render('Pages/inicio', [], true)
 5 APPPATH\Controllers\Home.php(14): view('Pages/inicio', [...])
 6 SYSTEMPATH\CodeIgniter.php(934): App\Controllers\Home->index()
 7 SYSTEMPATH\CodeIgniter.php(499): CodeIgniter\CodeIgniter->runController(Object(App\Controllers\Home))
 8 SYSTEMPATH\CodeIgniter.php(368): CodeIgniter\CodeIgniter->handleRequest(null, Object(Config\Cache), false)
 9 FCPATH\index.php(67): CodeIgniter\CodeIgniter->run()
CRITICAL - 2023-01-19 15:13:14 --> Undefined variable $libros
in APPPATH\Views\Pages\inicio.php on line 15.
 1 APPPATH\Views\Pages\inicio.php(15): CodeIgniter\Debug\Exceptions->errorHandler(2, 'Undefined variable $libros', 'APPPATH\\Views\\Pages\\inicio.php', 15)
 2 SYSTEMPATH\View\View.php(213): include('APPPATH\\Views\\Pages\\inicio.php')
 3 SYSTEMPATH\View\View.php(216): CodeIgniter\View\View->CodeIgniter\View\{closure}()
 4 SYSTEMPATH\Common.php(1177): CodeIgniter\View\View->render('Pages/inicio', [], true)
 5 APPPATH\Controllers\Home.php(14): view('Pages/inicio', [...])
 6 SYSTEMPATH\CodeIgniter.php(934): App\Controllers\Home->index()
 7 SYSTEMPATH\CodeIgniter.php(499): CodeIgniter\CodeIgniter->runController(Object(App\Controllers\Home))
 8 SYSTEMPATH\CodeIgniter.php(368): CodeIgniter\CodeIgniter->handleRequest(null, Object(Config\Cache), false)
 9 FCPATH\index.php(67): CodeIgniter\CodeIgniter->run()
CRITICAL - 2023-01-19 15:13:18 --> Undefined variable $libros
in APPPATH\Views\Pages\inicio.php on line 15.
 1 APPPATH\Views\Pages\inicio.php(15): CodeIgniter\Debug\Exceptions->errorHandler(2, 'Undefined variable $libros', 'APPPATH\\Views\\Pages\\inicio.php', 15)
 2 SYSTEMPATH\View\View.php(213): include('APPPATH\\Views\\Pages\\inicio.php')
 3 SYSTEMPATH\View\View.php(216): CodeIgniter\View\View->CodeIgniter\View\{closure}()
 4 SYSTEMPATH\Common.php(1177): CodeIgniter\View\View->render('Pages/inicio', [], true)
 5 APPPATH\Controllers\Home.php(14): view('Pages/inicio', [...])
 6 SYSTEMPATH\CodeIgniter.php(934): App\Controllers\Home->index()
 7 SYSTEMPATH\CodeIgniter.php(499): CodeIgniter\CodeIgniter->runController(Object(App\Controllers\Home))
 8 SYSTEMPATH\CodeIgniter.php(368): CodeIgniter\CodeIgniter->handleRequest(null, Object(Config\Cache), false)
 9 FCPATH\index.php(67): CodeIgniter\CodeIgniter->run()
CRITICAL - 2023-01-19 15:13:18 --> Undefined variable $libros
in APPPATH\Views\Pages\inicio.php on line 15.
 1 APPPATH\Views\Pages\inicio.php(15): CodeIgniter\Debug\Exceptions->errorHandler(2, 'Undefined variable $libros', 'APPPATH\\Views\\Pages\\inicio.php', 15)
 2 SYSTEMPATH\View\View.php(213): include('APPPATH\\Views\\Pages\\inicio.php')
 3 SYSTEMPATH\View\View.php(216): CodeIgniter\View\View->CodeIgniter\View\{closure}()
 4 SYSTEMPATH\Common.php(1177): CodeIgniter\View\View->render('Pages/inicio', [], true)
 5 APPPATH\Controllers\Home.php(14): view('Pages/inicio', [...])
 6 SYSTEMPATH\CodeIgniter.php(934): App\Controllers\Home->index()
 7 SYSTEMPATH\CodeIgniter.php(499): CodeIgniter\CodeIgniter->runController(Object(App\Controllers\Home))
 8 SYSTEMPATH\CodeIgniter.php(368): CodeIgniter\CodeIgniter->handleRequest(null, Object(Config\Cache), false)
 9 FCPATH\index.php(67): CodeIgniter\CodeIgniter->run()
CRITICAL - 2023-01-19 15:13:19 --> Undefined variable $libros
in APPPATH\Views\Pages\inicio.php on line 15.
 1 APPPATH\Views\Pages\inicio.php(15): CodeIgniter\Debug\Exceptions->errorHandler(2, 'Undefined variable $libros', 'APPPATH\\Views\\Pages\\inicio.php', 15)
 2 SYSTEMPATH\View\View.php(213): include('APPPATH\\Views\\Pages\\inicio.php')
 3 SYSTEMPATH\View\View.php(216): CodeIgniter\View\View->CodeIgniter\View\{closure}()
 4 SYSTEMPATH\Common.php(1177): CodeIgniter\View\View->render('Pages/inicio', [], true)
 5 APPPATH\Controllers\Home.php(14): view('Pages/inicio', [...])
 6 SYSTEMPATH\CodeIgniter.php(934): App\Controllers\Home->index()
 7 SYSTEMPATH\CodeIgniter.php(499): CodeIgniter\CodeIgniter->runController(Object(App\Controllers\Home))
 8 SYSTEMPATH\CodeIgniter.php(368): CodeIgniter\CodeIgniter->handleRequest(null, Object(Config\Cache), false)
 9 FCPATH\index.php(67): CodeIgniter\CodeIgniter->run()
CRITICAL - 2023-01-19 15:13:29 --> Undefined variable $libros
in APPPATH\Views\Pages\inicio.php on line 15.
 1 APPPATH\Views\Pages\inicio.php(15): CodeIgniter\Debug\Exceptions->errorHandler(2, 'Undefined variable $libros', 'APPPATH\\Views\\Pages\\inicio.php', 15)
 2 SYSTEMPATH\View\View.php(213): include('APPPATH\\Views\\Pages\\inicio.php')
 3 SYSTEMPATH\View\View.php(216): CodeIgniter\View\View->CodeIgniter\View\{closure}()
 4 SYSTEMPATH\Common.php(1177): CodeIgniter\View\View->render('Pages/inicio', [], true)
 5 APPPATH\Controllers\Home.php(14): view('Pages/inicio', [...])
 6 SYSTEMPATH\CodeIgniter.php(934): App\Controllers\Home->index()
 7 SYSTEMPATH\CodeIgniter.php(499): CodeIgniter\CodeIgniter->runController(Object(App\Controllers\Home))
 8 SYSTEMPATH\CodeIgniter.php(368): CodeIgniter\CodeIgniter->handleRequest(null, Object(Config\Cache), false)
 9 FCPATH\index.php(67): CodeIgniter\CodeIgniter->run()
CRITICAL - 2023-01-19 15:13:29 --> Undefined variable $libros
in APPPATH\Views\Pages\inicio.php on line 15.
 1 APPPATH\Views\Pages\inicio.php(15): CodeIgniter\Debug\Exceptions->errorHandler(2, 'Undefined variable $libros', 'APPPATH\\Views\\Pages\\inicio.php', 15)
 2 SYSTEMPATH\View\View.php(213): include('APPPATH\\Views\\Pages\\inicio.php')
 3 SYSTEMPATH\View\View.php(216): CodeIgniter\View\View->CodeIgniter\View\{closure}()
 4 SYSTEMPATH\Common.php(1177): CodeIgniter\View\View->render('Pages/inicio', [], true)
 5 APPPATH\Controllers\Home.php(14): view('Pages/inicio', [...])
 6 SYSTEMPATH\CodeIgniter.php(934): App\Controllers\Home->index()
 7 SYSTEMPATH\CodeIgniter.php(499): CodeIgniter\CodeIgniter->runController(Object(App\Controllers\Home))
 8 SYSTEMPATH\CodeIgniter.php(368): CodeIgniter\CodeIgniter->handleRequest(null, Object(Config\Cache), false)
 9 FCPATH\index.php(67): CodeIgniter\CodeIgniter->run()
ERROR - 2023-01-19 15:13:45 --> mysqli_sql_exception: Table 'penal.t_libros' doesn't exist in C:\Users\WIN 10\www\penal\system\Database\MySQLi\Connection.php:295
Stack trace:
#0 C:\Users\WIN 10\www\penal\system\Database\MySQLi\Connection.php(295): mysqli->query('SELECT * FROM t...', 0)
#1 C:\Users\WIN 10\www\penal\system\Database\BaseConnection.php(691): CodeIgniter\Database\MySQLi\Connection->execute('SELECT * FROM t...')
#2 C:\Users\WIN 10\www\penal\system\Database\BaseConnection.php(605): CodeIgniter\Database\BaseConnection->simpleQuery('SELECT * FROM t...')
#3 C:\Users\WIN 10\www\penal\app\Models\librosModel.php(7): CodeIgniter\Database\BaseConnection->query('SELECT * FROM t...')
#4 C:\Users\WIN 10\www\penal\app\Controllers\Home.php(13): App\Models\librosModel->mostrarLibros()
#5 C:\Users\WIN 10\www\penal\system\CodeIgniter.php(934): App\Controllers\Home->index()
#6 C:\Users\WIN 10\www\penal\system\CodeIgniter.php(499): CodeIgniter\CodeIgniter->runController(Object(App\Controllers\Home))
#7 C:\Users\WIN 10\www\penal\system\CodeIgniter.php(368): CodeIgniter\CodeIgniter->handleRequest(NULL, Object(Config\Cache), false)
#8 C:\Users\WIN 10\www\penal\index.php(67): CodeIgniter\CodeIgniter->run()
#9 {main}
CRITICAL - 2023-01-19 15:13:45 --> Table 'penal.t_libros' doesn't exist
in SYSTEMPATH\Database\BaseConnection.php on line 645.
 1 APPPATH\Models\librosModel.php(7): CodeIgniter\Database\BaseConnection->query('SELECT * FROM t_libros')
 2 APPPATH\Controllers\Home.php(13): App\Models\librosModel->mostrarLibros()
 3 SYSTEMPATH\CodeIgniter.php(934): App\Controllers\Home->index()
 4 SYSTEMPATH\CodeIgniter.php(499): CodeIgniter\CodeIgniter->runController(Object(App\Controllers\Home))
 5 SYSTEMPATH\CodeIgniter.php(368): CodeIgniter\CodeIgniter->handleRequest(null, Object(Config\Cache), false)
 6 FCPATH\index.php(67): CodeIgniter\CodeIgniter->run()
CRITICAL - 2023-01-19 15:15:54 --> Undefined property: stdClass::$id_libro
in APPPATH\Views\Pages\inicio.php on line 17.
 1 APPPATH\Views\Pages\inicio.php(17): CodeIgniter\Debug\Exceptions->errorHandler(2, 'Undefined property: stdClass::$id_libro', 'APPPATH\\Views\\Pages\\inicio.php', 17)
 2 SYSTEMPATH\View\View.php(213): include('APPPATH\\Views\\Pages\\inicio.php')
 3 SYSTEMPATH\View\View.php(216): CodeIgniter\View\View->CodeIgniter\View\{closure}()
 4 SYSTEMPATH\Common.php(1177): CodeIgniter\View\View->render('Pages/inicio', [], true)
 5 APPPATH\Controllers\Home.php(16): view('Pages/inicio', [...])
 6 SYSTEMPATH\CodeIgniter.php(934): App\Controllers\Home->index()
 7 SYSTEMPATH\CodeIgniter.php(499): CodeIgniter\CodeIgniter->runController(Object(App\Controllers\Home))
 8 SYSTEMPATH\CodeIgniter.php(368): CodeIgniter\CodeIgniter->handleRequest(null, Object(Config\Cache), false)
 9 FCPATH\index.php(67): CodeIgniter\CodeIgniter->run()
CRITICAL - 2023-01-19 15:18:23 --> You must set the database table to be used with your query.
in SYSTEMPATH\Database\BaseConnection.php on line 882.
 1 SYSTEMPATH\Model.php(641): CodeIgniter\Database\BaseConnection->table(null)
 2 SYSTEMPATH\Model.php(831): CodeIgniter\Model->builder()
 3 APPPATH\Controllers\Home.php(12): CodeIgniter\Model->__call('mostraDatos', [])
 4 SYSTEMPATH\CodeIgniter.php(934): App\Controllers\Home->index()
 5 SYSTEMPATH\CodeIgniter.php(499): CodeIgniter\CodeIgniter->runController(Object(App\Controllers\Home))
 6 SYSTEMPATH\CodeIgniter.php(368): CodeIgniter\CodeIgniter->handleRequest(null, Object(Config\Cache), false)
 7 FCPATH\index.php(67): CodeIgniter\CodeIgniter->run()
CRITICAL - 2023-01-19 15:18:27 --> You must set the database table to be used with your query.
in SYSTEMPATH\Database\BaseConnection.php on line 882.
 1 SYSTEMPATH\Model.php(641): CodeIgniter\Database\BaseConnection->table(null)
 2 SYSTEMPATH\Model.php(831): CodeIgniter\Model->builder()
 3 APPPATH\Controllers\Home.php(12): CodeIgniter\Model->__call('mostraDatos', [])
 4 SYSTEMPATH\CodeIgniter.php(934): App\Controllers\Home->index()
 5 SYSTEMPATH\CodeIgniter.php(499): CodeIgniter\CodeIgniter->runController(Object(App\Controllers\Home))
 6 SYSTEMPATH\CodeIgniter.php(368): CodeIgniter\CodeIgniter->handleRequest(null, Object(Config\Cache), false)
 7 FCPATH\index.php(67): CodeIgniter\CodeIgniter->run()
CRITICAL - 2023-01-19 15:18:33 --> You must set the database table to be used with your query.
in SYSTEMPATH\Database\BaseConnection.php on line 882.
 1 SYSTEMPATH\Model.php(641): CodeIgniter\Database\BaseConnection->table(null)
 2 SYSTEMPATH\Model.php(831): CodeIgniter\Model->builder()
 3 APPPATH\Controllers\Home.php(12): CodeIgniter\Model->__call('mostraDatos', [])
 4 SYSTEMPATH\CodeIgniter.php(934): App\Controllers\Home->index()
 5 SYSTEMPATH\CodeIgniter.php(499): CodeIgniter\CodeIgniter->runController(Object(App\Controllers\Home))
 6 SYSTEMPATH\CodeIgniter.php(368): CodeIgniter\CodeIgniter->handleRequest(null, Object(Config\Cache), false)
 7 FCPATH\index.php(67): CodeIgniter\CodeIgniter->run()
CRITICAL - 2023-01-19 15:18:34 --> You must set the database table to be used with your query.
in SYSTEMPATH\Database\BaseConnection.php on line 882.
 1 SYSTEMPATH\Model.php(641): CodeIgniter\Database\BaseConnection->table(null)
 2 SYSTEMPATH\Model.php(831): CodeIgniter\Model->builder()
 3 APPPATH\Controllers\Home.php(12): CodeIgniter\Model->__call('mostraDatos', [])
 4 SYSTEMPATH\CodeIgniter.php(934): App\Controllers\Home->index()
 5 SYSTEMPATH\CodeIgniter.php(499): CodeIgniter\CodeIgniter->runController(Object(App\Controllers\Home))
 6 SYSTEMPATH\CodeIgniter.php(368): CodeIgniter\CodeIgniter->handleRequest(null, Object(Config\Cache), false)
 7 FCPATH\index.php(67): CodeIgniter\CodeIgniter->run()
CRITICAL - 2023-01-19 15:18:41 --> You must set the database table to be used with your query.
in SYSTEMPATH\Database\BaseConnection.php on line 882.
 1 SYSTEMPATH\Model.php(641): CodeIgniter\Database\BaseConnection->table(null)
 2 SYSTEMPATH\Model.php(831): CodeIgniter\Model->builder()
 3 APPPATH\Controllers\Home.php(12): CodeIgniter\Model->__call('mostraDatos', [])
 4 SYSTEMPATH\CodeIgniter.php(934): App\Controllers\Home->index()
 5 SYSTEMPATH\CodeIgniter.php(499): CodeIgniter\CodeIgniter->runController(Object(App\Controllers\Home))
 6 SYSTEMPATH\CodeIgniter.php(368): CodeIgniter\CodeIgniter->handleRequest(null, Object(Config\Cache), false)
 7 FCPATH\index.php(67): CodeIgniter\CodeIgniter->run()
CRITICAL - 2023-01-19 15:19:00 --> You must set the database table to be used with your query.
in SYSTEMPATH\Database\BaseConnection.php on line 882.
 1 SYSTEMPATH\Model.php(641): CodeIgniter\Database\BaseConnection->table(null)
 2 SYSTEMPATH\Model.php(831): CodeIgniter\Model->builder()
 3 APPPATH\Controllers\Home.php(12): CodeIgniter\Model->__call('mostraDatos', [])
 4 SYSTEMPATH\CodeIgniter.php(934): App\Controllers\Home->index()
 5 SYSTEMPATH\CodeIgniter.php(499): CodeIgniter\CodeIgniter->runController(Object(App\Controllers\Home))
 6 SYSTEMPATH\CodeIgniter.php(368): CodeIgniter\CodeIgniter->handleRequest(null, Object(Config\Cache), false)
 7 FCPATH\index.php(67): CodeIgniter\CodeIgniter->run()
CRITICAL - 2023-01-19 15:19:00 --> You must set the database table to be used with your query.
in SYSTEMPATH\Database\BaseConnection.php on line 882.
 1 SYSTEMPATH\Model.php(641): CodeIgniter\Database\BaseConnection->table(null)
 2 SYSTEMPATH\Model.php(831): CodeIgniter\Model->builder()
 3 APPPATH\Controllers\Home.php(12): CodeIgniter\Model->__call('mostraDatos', [])
 4 SYSTEMPATH\CodeIgniter.php(934): App\Controllers\Home->index()
 5 SYSTEMPATH\CodeIgniter.php(499): CodeIgniter\CodeIgniter->runController(Object(App\Controllers\Home))
 6 SYSTEMPATH\CodeIgniter.php(368): CodeIgniter\CodeIgniter->handleRequest(null, Object(Config\Cache), false)
 7 FCPATH\index.php(67): CodeIgniter\CodeIgniter->run()
CRITICAL - 2023-01-19 15:19:00 --> You must set the database table to be used with your query.
in SYSTEMPATH\Database\BaseConnection.php on line 882.
 1 SYSTEMPATH\Model.php(641): CodeIgniter\Database\BaseConnection->table(null)
 2 SYSTEMPATH\Model.php(831): CodeIgniter\Model->builder()
 3 APPPATH\Controllers\Home.php(12): CodeIgniter\Model->__call('mostraDatos', [])
 4 SYSTEMPATH\CodeIgniter.php(934): App\Controllers\Home->index()
 5 SYSTEMPATH\CodeIgniter.php(499): CodeIgniter\CodeIgniter->runController(Object(App\Controllers\Home))
 6 SYSTEMPATH\CodeIgniter.php(368): CodeIgniter\CodeIgniter->handleRequest(null, Object(Config\Cache), false)
 7 FCPATH\index.php(67): CodeIgniter\CodeIgniter->run()
CRITICAL - 2023-01-19 15:19:01 --> You must set the database table to be used with your query.
in SYSTEMPATH\Database\BaseConnection.php on line 882.
 1 SYSTEMPATH\Model.php(641): CodeIgniter\Database\BaseConnection->table(null)
 2 SYSTEMPATH\Model.php(831): CodeIgniter\Model->builder()
 3 APPPATH\Controllers\Home.php(12): CodeIgniter\Model->__call('mostraDatos', [])
 4 SYSTEMPATH\CodeIgniter.php(934): App\Controllers\Home->index()
 5 SYSTEMPATH\CodeIgniter.php(499): CodeIgniter\CodeIgniter->runController(Object(App\Controllers\Home))
 6 SYSTEMPATH\CodeIgniter.php(368): CodeIgniter\CodeIgniter->handleRequest(null, Object(Config\Cache), false)
 7 FCPATH\index.php(67): CodeIgniter\CodeIgniter->run()
CRITICAL - 2023-01-19 16:03:28 --> Allowed memory size of 536870912 bytes exhausted (tried to allocate 262160384 bytes)
in APPPATH\Views\Pages\inicio.php on line 30.
 1 [internal function]: CodeIgniter\Debug\Exceptions->shutdownHandler()
CRITICAL - 2023-01-19 16:04:07 --> Allowed memory size of 536870912 bytes exhausted (tried to allocate 262160384 bytes)
in APPPATH\Views\Pages\inicio.php on line 28.
 1 [internal function]: CodeIgniter\Debug\Exceptions->shutdownHandler()
CRITICAL - 2023-01-19 16:07:49 --> Allowed memory size of 536870912 bytes exhausted (tried to allocate 262160384 bytes)
in APPPATH\Views\Pages\inicio.php on line 41.
 1 [internal function]: CodeIgniter\Debug\Exceptions->shutdownHandler()
CRITICAL - 2023-01-19 16:08:02 --> Allowed memory size of 536870912 bytes exhausted (tried to allocate 262160384 bytes)
in APPPATH\Views\Pages\inicio.php on line 34.
 1 [internal function]: CodeIgniter\Debug\Exceptions->shutdownHandler()
CRITICAL - 2023-01-19 16:11:53 --> Allowed memory size of 536870912 bytes exhausted (tried to allocate 262160384 bytes)
in APPPATH\Views\Pages\inicio.php on line 41.
 1 [internal function]: CodeIgniter\Debug\Exceptions->shutdownHandler()
CRITICAL - 2023-01-19 16:12:09 --> Allowed memory size of 536870912 bytes exhausted (tried to allocate 262160384 bytes)
in APPPATH\Views\Pages\inicio.php on line 41.
 1 [internal function]: CodeIgniter\Debug\Exceptions->shutdownHandler()
CRITICAL - 2023-01-19 16:12:37 --> Allowed memory size of 536870912 bytes exhausted (tried to allocate 262160384 bytes)
in APPPATH\Views\Pages\inicio.php on line 41.
 1 [internal function]: CodeIgniter\Debug\Exceptions->shutdownHandler()
CRITICAL - 2023-01-19 16:15:10 --> Allowed memory size of 536870912 bytes exhausted (tried to allocate 262160384 bytes)
in APPPATH\Views\Pages\inicio.php on line 41.
 1 [internal function]: CodeIgniter\Debug\Exceptions->shutdownHandler()
CRITICAL - 2023-01-19 16:15:37 --> Allowed memory size of 536870912 bytes exhausted (tried to allocate 262160384 bytes)
in APPPATH\Views\Pages\inicio.php on line 41.
 1 [internal function]: CodeIgniter\Debug\Exceptions->shutdownHandler()
CRITICAL - 2023-01-19 16:22:53 --> strcmp(): Argument #2 ($string2) must be of type string, stdClass given
in APPPATH\Views\Pages\inicio.php on line 35.
 1 APPPATH\Views\Pages\inicio.php(35): strcmp('AGUILAR.Jorge', Object(stdClass))
 2 SYSTEMPATH\View\View.php(213): include('APPPATH\\Views\\Pages\\inicio.php')
 3 SYSTEMPATH\View\View.php(216): CodeIgniter\View\View->CodeIgniter\View\{closure}()
 4 SYSTEMPATH\Common.php(1177): CodeIgniter\View\View->render('Pages/inicio', [], true)
 5 APPPATH\Controllers\Home.php(17): view('Pages/inicio', [...])
 6 SYSTEMPATH\CodeIgniter.php(934): App\Controllers\Home->index()
 7 SYSTEMPATH\CodeIgniter.php(499): CodeIgniter\CodeIgniter->runController(Object(App\Controllers\Home))
 8 SYSTEMPATH\CodeIgniter.php(368): CodeIgniter\CodeIgniter->handleRequest(null, Object(Config\Cache), false)
 9 FCPATH\index.php(67): CodeIgniter\CodeIgniter->run()
CRITICAL - 2023-01-19 16:22:54 --> strcmp(): Argument #2 ($string2) must be of type string, stdClass given
in APPPATH\Views\Pages\inicio.php on line 35.
 1 APPPATH\Views\Pages\inicio.php(35): strcmp('AGUILAR.Jorge', Object(stdClass))
 2 SYSTEMPATH\View\View.php(213): include('APPPATH\\Views\\Pages\\inicio.php')
 3 SYSTEMPATH\View\View.php(216): CodeIgniter\View\View->CodeIgniter\View\{closure}()
 4 SYSTEMPATH\Common.php(1177): CodeIgniter\View\View->render('Pages/inicio', [], true)
 5 APPPATH\Controllers\Home.php(17): view('Pages/inicio', [...])
 6 SYSTEMPATH\CodeIgniter.php(934): App\Controllers\Home->index()
 7 SYSTEMPATH\CodeIgniter.php(499): CodeIgniter\CodeIgniter->runController(Object(App\Controllers\Home))
 8 SYSTEMPATH\CodeIgniter.php(368): CodeIgniter\CodeIgniter->handleRequest(null, Object(Config\Cache), false)
 9 FCPATH\index.php(67): CodeIgniter\CodeIgniter->run()
CRITICAL - 2023-01-19 16:25:14 --> strcmp(): Argument #2 ($string2) must be of type string, stdClass given
in APPPATH\Views\Pages\inicio.php on line 36.
 1 APPPATH\Views\Pages\inicio.php(36): strcmp('AGUILAR.Jorge', Object(stdClass))
 2 SYSTEMPATH\View\View.php(213): include('APPPATH\\Views\\Pages\\inicio.php')
 3 SYSTEMPATH\View\View.php(216): CodeIgniter\View\View->CodeIgniter\View\{closure}()
 4 SYSTEMPATH\Common.php(1177): CodeIgniter\View\View->render('Pages/inicio', [], true)
 5 APPPATH\Controllers\Home.php(17): view('Pages/inicio', [...])
 6 SYSTEMPATH\CodeIgniter.php(934): App\Controllers\Home->index()
 7 SYSTEMPATH\CodeIgniter.php(499): CodeIgniter\CodeIgniter->runController(Object(App\Controllers\Home))
 8 SYSTEMPATH\CodeIgniter.php(368): CodeIgniter\CodeIgniter->handleRequest(null, Object(Config\Cache), false)
 9 FCPATH\index.php(67): CodeIgniter\CodeIgniter->run()
CRITICAL - 2023-01-19 16:25:15 --> strcmp(): Argument #2 ($string2) must be of type string, stdClass given
in APPPATH\Views\Pages\inicio.php on line 36.
 1 APPPATH\Views\Pages\inicio.php(36): strcmp('AGUILAR.Jorge', Object(stdClass))
 2 SYSTEMPATH\View\View.php(213): include('APPPATH\\Views\\Pages\\inicio.php')
 3 SYSTEMPATH\View\View.php(216): CodeIgniter\View\View->CodeIgniter\View\{closure}()
 4 SYSTEMPATH\Common.php(1177): CodeIgniter\View\View->render('Pages/inicio', [], true)
 5 APPPATH\Controllers\Home.php(17): view('Pages/inicio', [...])
 6 SYSTEMPATH\CodeIgniter.php(934): App\Controllers\Home->index()
 7 SYSTEMPATH\CodeIgniter.php(499): CodeIgniter\CodeIgniter->runController(Object(App\Controllers\Home))
 8 SYSTEMPATH\CodeIgniter.php(368): CodeIgniter\CodeIgniter->handleRequest(null, Object(Config\Cache), false)
 9 FCPATH\index.php(67): CodeIgniter\CodeIgniter->run()
CRITICAL - 2023-01-19 16:25:15 --> strcmp(): Argument #2 ($string2) must be of type string, stdClass given
in APPPATH\Views\Pages\inicio.php on line 36.
 1 APPPATH\Views\Pages\inicio.php(36): strcmp('AGUILAR.Jorge', Object(stdClass))
 2 SYSTEMPATH\View\View.php(213): include('APPPATH\\Views\\Pages\\inicio.php')
 3 SYSTEMPATH\View\View.php(216): CodeIgniter\View\View->CodeIgniter\View\{closure}()
 4 SYSTEMPATH\Common.php(1177): CodeIgniter\View\View->render('Pages/inicio', [], true)
 5 APPPATH\Controllers\Home.php(17): view('Pages/inicio', [...])
 6 SYSTEMPATH\CodeIgniter.php(934): App\Controllers\Home->index()
 7 SYSTEMPATH\CodeIgniter.php(499): CodeIgniter\CodeIgniter->runController(Object(App\Controllers\Home))
 8 SYSTEMPATH\CodeIgniter.php(368): CodeIgniter\CodeIgniter->handleRequest(null, Object(Config\Cache), false)
 9 FCPATH\index.php(67): CodeIgniter\CodeIgniter->run()
CRITICAL - 2023-01-19 16:25:44 --> Object of class stdClass could not be converted to string
in APPPATH\Views\Pages\inicio.php on line 36.
 1 SYSTEMPATH\View\View.php(213): include()
 2 SYSTEMPATH\View\View.php(216): CodeIgniter\View\View->CodeIgniter\View\{closure}()
 3 SYSTEMPATH\Common.php(1177): CodeIgniter\View\View->render('Pages/inicio', [], true)
 4 APPPATH\Controllers\Home.php(17): view('Pages/inicio', [...])
 5 SYSTEMPATH\CodeIgniter.php(934): App\Controllers\Home->index()
 6 SYSTEMPATH\CodeIgniter.php(499): CodeIgniter\CodeIgniter->runController(Object(App\Controllers\Home))
 7 SYSTEMPATH\CodeIgniter.php(368): CodeIgniter\CodeIgniter->handleRequest(null, Object(Config\Cache), false)
 8 FCPATH\index.php(67): CodeIgniter\CodeIgniter->run()
CRITICAL - 2023-01-19 16:25:57 --> Object of class stdClass could not be converted to string
in APPPATH\Views\Pages\inicio.php on line 36.
 1 SYSTEMPATH\View\View.php(213): include()
 2 SYSTEMPATH\View\View.php(216): CodeIgniter\View\View->CodeIgniter\View\{closure}()
 3 SYSTEMPATH\Common.php(1177): CodeIgniter\View\View->render('Pages/inicio', [], true)
 4 APPPATH\Controllers\Home.php(17): view('Pages/inicio', [...])
 5 SYSTEMPATH\CodeIgniter.php(934): App\Controllers\Home->index()
 6 SYSTEMPATH\CodeIgniter.php(499): CodeIgniter\CodeIgniter->runController(Object(App\Controllers\Home))
 7 SYSTEMPATH\CodeIgniter.php(368): CodeIgniter\CodeIgniter->handleRequest(null, Object(Config\Cache), false)
 8 FCPATH\index.php(67): CodeIgniter\CodeIgniter->run()
CRITICAL - 2023-01-19 16:27:02 --> strcmp(): Argument #2 ($string2) must be of type string, stdClass given
in APPPATH\Views\Pages\inicio.php on line 36.
 1 APPPATH\Views\Pages\inicio.php(36): strcmp('AGUILAR.Jorge', Object(stdClass))
 2 SYSTEMPATH\View\View.php(213): include('APPPATH\\Views\\Pages\\inicio.php')
 3 SYSTEMPATH\View\View.php(216): CodeIgniter\View\View->CodeIgniter\View\{closure}()
 4 SYSTEMPATH\Common.php(1177): CodeIgniter\View\View->render('Pages/inicio', [], true)
 5 APPPATH\Controllers\Home.php(17): view('Pages/inicio', [...])
 6 SYSTEMPATH\CodeIgniter.php(934): App\Controllers\Home->index()
 7 SYSTEMPATH\CodeIgniter.php(499): CodeIgniter\CodeIgniter->runController(Object(App\Controllers\Home))
 8 SYSTEMPATH\CodeIgniter.php(368): CodeIgniter\CodeIgniter->handleRequest(null, Object(Config\Cache), false)
 9 FCPATH\index.php(67): CodeIgniter\CodeIgniter->run()
