ERROR - 2023-01-23 20:37:52 --> Error connecting to the database: mysqli_sql_exception: Access denied for user 'codeigniter4'@'localhost' (using password: YES) in C:\xampp\htdocs\Practica-Penal-Codeigniter\system\Database\MySQLi\Connection.php:174
Stack trace:
#0 C:\xampp\htdocs\Practica-Penal-Codeigniter\system\Database\MySQLi\Connection.php(174): mysqli->real_connect('localhost', 'codeigniter4', 'codeigniter', 'penal', 3306, '', 0)
#1 C:\xampp\htdocs\Practica-Penal-Codeigniter\system\Database\BaseConnection.php(391): CodeIgniter\Database\MySQLi\Connection->connect(false)
#2 C:\xampp\htdocs\Practica-Penal-Codeigniter\system\Database\BaseConnection.php(573): CodeIgniter\Database\BaseConnection->initialize()
#3 C:\xampp\htdocs\Practica-Penal-Codeigniter\app\Models\penalModel.php(12): CodeIgniter\Database\BaseConnection->query('SELECT Nombre F...')
#4 C:\xampp\htdocs\Practica-Penal-Codeigniter\app\Controllers\Home.php(13): App\Models\penalModel->obtenerNombres()
#5 C:\xampp\htdocs\Practica-Penal-Codeigniter\system\CodeIgniter.php(934): App\Controllers\Home->index()
#6 C:\xampp\htdocs\Practica-Penal-Codeigniter\system\CodeIgniter.php(499): CodeIgniter\CodeIgniter->runController(Object(App\Controllers\Home))
#7 C:\xampp\htdocs\Practica-Penal-Codeigniter\system\CodeIgniter.php(368): CodeIgniter\CodeIgniter->handleRequest(NULL, Object(Config\Cache), false)
#8 C:\xampp\htdocs\Practica-Penal-Codeigniter\index.php(67): CodeIgniter\CodeIgniter->run()
#9 {main}

Next CodeIgniter\Database\Exceptions\DatabaseException: Access denied for user '****'@'localhost' (using password: YES) in C:\xampp\htdocs\Practica-Penal-Codeigniter\system\Database\MySQLi\Connection.php:218
Stack trace:
#0 C:\xampp\htdocs\Practica-Penal-Codeigniter\system\Database\BaseConnection.php(391): CodeIgniter\Database\MySQLi\Connection->connect(false)
#1 C:\xampp\htdocs\Practica-Penal-Codeigniter\system\Database\BaseConnection.php(573): CodeIgniter\Database\BaseConnection->initialize()
#2 C:\xampp\htdocs\Practica-Penal-Codeigniter\app\Models\penalModel.php(12): CodeIgniter\Database\BaseConnection->query('SELECT Nombre F...')
#3 C:\xampp\htdocs\Practica-Penal-Codeigniter\app\Controllers\Home.php(13): App\Models\penalModel->obtenerNombres()
#4 C:\xampp\htdocs\Practica-Penal-Codeigniter\system\CodeIgniter.php(934): App\Controllers\Home->index()
#5 C:\xampp\htdocs\Practica-Penal-Codeigniter\system\CodeIgniter.php(499): CodeIgniter\CodeIgniter->runController(Object(App\Controllers\Home))
#6 C:\xampp\htdocs\Practica-Penal-Codeigniter\system\CodeIgniter.php(368): CodeIgniter\CodeIgniter->handleRequest(NULL, Object(Config\Cache), false)
#7 C:\xampp\htdocs\Practica-Penal-Codeigniter\index.php(67): CodeIgniter\CodeIgniter->run()
#8 {main}
CRITICAL - 2023-01-23 20:37:52 --> Unable to connect to the database.
Main connection [MySQLi]: Access denied for user '****'@'localhost' (using password: YES)
in SYSTEMPATH\Database\BaseConnection.php on line 427.
 1 SYSTEMPATH\Database\BaseConnection.php(573): CodeIgniter\Database\BaseConnection->initialize()
 2 APPPATH\Models\penalModel.php(12): CodeIgniter\Database\BaseConnection->query('SELECT Nombre FROM penalgorriti GROUP BY Nombre')
 3 APPPATH\Controllers\Home.php(13): App\Models\penalModel->obtenerNombres()
 4 SYSTEMPATH\CodeIgniter.php(934): App\Controllers\Home->index()
 5 SYSTEMPATH\CodeIgniter.php(499): CodeIgniter\CodeIgniter->runController(Object(App\Controllers\Home))
 6 SYSTEMPATH\CodeIgniter.php(368): CodeIgniter\CodeIgniter->handleRequest(null, Object(Config\Cache), false)
 7 FCPATH\index.php(67): CodeIgniter\CodeIgniter->run()
ERROR - 2023-01-23 20:48:09 --> Error connecting to the database: mysqli_sql_exception: Unknown database 'penalgorriti' in C:\xampp\htdocs\Practica-Penal-Codeigniter\system\Database\MySQLi\Connection.php:174
Stack trace:
#0 C:\xampp\htdocs\Practica-Penal-Codeigniter\system\Database\MySQLi\Connection.php(174): mysqli->real_connect('localhost', 'usuarioAdmin', 'minSeguridad', 'penalgorriti', 3306, '', 0)
#1 C:\xampp\htdocs\Practica-Penal-Codeigniter\system\Database\BaseConnection.php(391): CodeIgniter\Database\MySQLi\Connection->connect(false)
#2 C:\xampp\htdocs\Practica-Penal-Codeigniter\system\Database\BaseConnection.php(573): CodeIgniter\Database\BaseConnection->initialize()
#3 C:\xampp\htdocs\Practica-Penal-Codeigniter\app\Models\penalModel.php(12): CodeIgniter\Database\BaseConnection->query('SELECT Nombre F...')
#4 C:\xampp\htdocs\Practica-Penal-Codeigniter\app\Controllers\Home.php(13): App\Models\penalModel->obtenerNombres()
#5 C:\xampp\htdocs\Practica-Penal-Codeigniter\system\CodeIgniter.php(934): App\Controllers\Home->index()
#6 C:\xampp\htdocs\Practica-Penal-Codeigniter\system\CodeIgniter.php(499): CodeIgniter\CodeIgniter->runController(Object(App\Controllers\Home))
#7 C:\xampp\htdocs\Practica-Penal-Codeigniter\system\CodeIgniter.php(368): CodeIgniter\CodeIgniter->handleRequest(NULL, Object(Config\Cache), false)
#8 C:\xampp\htdocs\Practica-Penal-Codeigniter\index.php(67): CodeIgniter\CodeIgniter->run()
#9 {main}

Next CodeIgniter\Database\Exceptions\DatabaseException: Unknown database 'penalgorriti' in C:\xampp\htdocs\Practica-Penal-Codeigniter\system\Database\MySQLi\Connection.php:218
Stack trace:
#0 C:\xampp\htdocs\Practica-Penal-Codeigniter\system\Database\BaseConnection.php(391): CodeIgniter\Database\MySQLi\Connection->connect(false)
#1 C:\xampp\htdocs\Practica-Penal-Codeigniter\system\Database\BaseConnection.php(573): CodeIgniter\Database\BaseConnection->initialize()
#2 C:\xampp\htdocs\Practica-Penal-Codeigniter\app\Models\penalModel.php(12): CodeIgniter\Database\BaseConnection->query('SELECT Nombre F...')
#3 C:\xampp\htdocs\Practica-Penal-Codeigniter\app\Controllers\Home.php(13): App\Models\penalModel->obtenerNombres()
#4 C:\xampp\htdocs\Practica-Penal-Codeigniter\system\CodeIgniter.php(934): App\Controllers\Home->index()
#5 C:\xampp\htdocs\Practica-Penal-Codeigniter\system\CodeIgniter.php(499): CodeIgniter\CodeIgniter->runController(Object(App\Controllers\Home))
#6 C:\xampp\htdocs\Practica-Penal-Codeigniter\system\CodeIgniter.php(368): CodeIgniter\CodeIgniter->handleRequest(NULL, Object(Config\Cache), false)
#7 C:\xampp\htdocs\Practica-Penal-Codeigniter\index.php(67): CodeIgniter\CodeIgniter->run()
#8 {main}
CRITICAL - 2023-01-23 20:48:09 --> Unable to connect to the database.
Main connection [MySQLi]: Unknown database 'penalgorriti'
in SYSTEMPATH\Database\BaseConnection.php on line 427.
 1 SYSTEMPATH\Database\BaseConnection.php(573): CodeIgniter\Database\BaseConnection->initialize()
 2 APPPATH\Models\penalModel.php(12): CodeIgniter\Database\BaseConnection->query('SELECT Nombre FROM penalgorriti GROUP BY Nombre')
 3 APPPATH\Controllers\Home.php(13): App\Models\penalModel->obtenerNombres()
 4 SYSTEMPATH\CodeIgniter.php(934): App\Controllers\Home->index()
 5 SYSTEMPATH\CodeIgniter.php(499): CodeIgniter\CodeIgniter->runController(Object(App\Controllers\Home))
 6 SYSTEMPATH\CodeIgniter.php(368): CodeIgniter\CodeIgniter->handleRequest(null, Object(Config\Cache), false)
 7 FCPATH\index.php(67): CodeIgniter\CodeIgniter->run()
